{"/home/jddm11/Documents/work/Taller de Integración/ti-02/server/index.js":{"path":"/home/jddm11/Documents/work/Taller de Integración/ti-02/server/index.js","s":{"1":1,"2":1,"3":1,"4":1,"5":1,"6":1,"7":1,"8":1,"9":1,"10":1,"11":1,"12":1,"13":1,"14":1,"15":1,"16":1,"17":1,"18":1,"19":1},"b":{"1":[1,1]},"f":{"1":1},"fnMap":{"1":{"name":"(anonymous_1)","line":30,"loc":{"start":{"line":30,"column":31},"end":{"line":30,"column":42}}}},"statementMap":{"1":{"start":{"line":2,"column":0},"end":{"line":2,"column":33}},"2":{"start":{"line":3,"column":0},"end":{"line":3,"column":27}},"3":{"start":{"line":4,"column":0},"end":{"line":4,"column":31}},"4":{"start":{"line":5,"column":0},"end":{"line":5,"column":44}},"5":{"start":{"line":6,"column":0},"end":{"line":6,"column":40}},"6":{"start":{"line":7,"column":0},"end":{"line":7,"column":27}},"7":{"start":{"line":10,"column":0},"end":{"line":10,"column":42}},"8":{"start":{"line":13,"column":0},"end":{"line":13,"column":20}},"9":{"start":{"line":15,"column":0},"end":{"line":15,"column":42}},"10":{"start":{"line":18,"column":0},"end":{"line":18,"column":23}},"11":{"start":{"line":19,"column":0},"end":{"line":19,"column":27}},"12":{"start":{"line":20,"column":0},"end":{"line":20,"column":52}},"13":{"start":{"line":21,"column":0},"end":{"line":21,"column":24}},"14":{"start":{"line":22,"column":0},"end":{"line":22,"column":66}},"15":{"start":{"line":25,"column":0},"end":{"line":25,"column":28}},"16":{"start":{"line":29,"column":0},"end":{"line":29,"column":38}},"17":{"start":{"line":30,"column":0},"end":{"line":32,"column":3}},"18":{"start":{"line":31,"column":2},"end":{"line":31,"column":62}},"19":{"start":{"line":34,"column":0},"end":{"line":34,"column":21}}},"branchMap":{"1":{"line":15,"type":"binary-expr","locations":[{"start":{"line":15,"column":16},"end":{"line":15,"column":32}},{"start":{"line":15,"column":36},"end":{"line":15,"column":40}}]}}},"/home/jddm11/Documents/work/Taller de Integración/ti-02/server/routes/index.js":{"path":"/home/jddm11/Documents/work/Taller de Integración/ti-02/server/routes/index.js","s":{"1":1,"2":1,"3":1,"4":1,"5":4,"6":1,"7":1,"8":1,"9":2,"10":1,"11":2,"12":1,"13":1,"14":1,"15":1,"16":0,"17":1,"18":1,"19":0,"20":0,"21":0,"22":0,"23":0,"24":0,"25":0,"26":0,"27":0,"28":0,"29":0,"30":0,"31":0,"32":0,"33":0,"34":0,"35":0,"36":0,"37":0,"38":0,"39":0,"40":1,"41":1,"42":1},"b":{"1":[4,2],"2":[1,1],"3":[2,1],"4":[0,1],"5":[0,1],"6":[1,0],"7":[0,0],"8":[0,0]},"f":{"1":4,"2":1,"3":2,"4":2,"5":1,"6":0},"fnMap":{"1":{"name":"(anonymous_1)","line":5,"loc":{"start":{"line":5,"column":15},"end":{"line":5,"column":29}}},"2":{"name":"(anonymous_2)","line":9,"loc":{"start":{"line":9,"column":20},"end":{"line":10,"column":0}}},"3":{"name":"(anonymous_3)","line":21,"loc":{"start":{"line":21,"column":21},"end":{"line":22,"column":0}}},"4":{"name":"(anonymous_4)","line":33,"loc":{"start":{"line":33,"column":17},"end":{"line":33,"column":36}}},"5":{"name":"(anonymous_5)","line":36,"loc":{"start":{"line":36,"column":21},"end":{"line":36,"column":52}}},"6":{"name":"(anonymous_6)","line":42,"loc":{"start":{"line":42,"column":30},"end":{"line":42,"column":74}}}},"statementMap":{"1":{"start":{"line":1,"column":0},"end":{"line":1,"column":33}},"2":{"start":{"line":2,"column":0},"end":{"line":2,"column":33}},"3":{"start":{"line":3,"column":0},"end":{"line":3,"column":31}},"4":{"start":{"line":5,"column":0},"end":{"line":7,"column":1}},"5":{"start":{"line":6,"column":4},"end":{"line":6,"column":38}},"6":{"start":{"line":9,"column":0},"end":{"line":19,"column":1}},"7":{"start":{"line":11,"column":1},"end":{"line":18,"column":3}},"8":{"start":{"line":21,"column":0},"end":{"line":31,"column":1}},"9":{"start":{"line":23,"column":1},"end":{"line":30,"column":3}},"10":{"start":{"line":33,"column":0},"end":{"line":76,"column":1}},"11":{"start":{"line":34,"column":1},"end":{"line":34,"column":104}},"12":{"start":{"line":34,"column":64},"end":{"line":34,"column":103}},"13":{"start":{"line":35,"column":1},"end":{"line":35,"column":70}},"14":{"start":{"line":36,"column":1},"end":{"line":72,"column":3}},"15":{"start":{"line":37,"column":2},"end":{"line":37,"column":75}},"16":{"start":{"line":37,"column":13},"end":{"line":37,"column":73}},"17":{"start":{"line":38,"column":4},"end":{"line":38,"column":38}},"18":{"start":{"line":39,"column":4},"end":{"line":71,"column":5}},"19":{"start":{"line":41,"column":5},"end":{"line":41,"column":78}},"20":{"start":{"line":42,"column":5},"end":{"line":67,"column":8}},"21":{"start":{"line":43,"column":6},"end":{"line":43,"column":90}},"22":{"start":{"line":43,"column":22},"end":{"line":43,"column":88}},"23":{"start":{"line":45,"column":6},"end":{"line":45,"column":30}},"24":{"start":{"line":46,"column":6},"end":{"line":46,"column":38}},"25":{"start":{"line":47,"column":6},"end":{"line":47,"column":64}},"26":{"start":{"line":48,"column":6},"end":{"line":48,"column":27}},"27":{"start":{"line":49,"column":6},"end":{"line":49,"column":44}},"28":{"start":{"line":50,"column":6},"end":{"line":50,"column":32}},"29":{"start":{"line":51,"column":4},"end":{"line":51,"column":26}},"30":{"start":{"line":52,"column":4},"end":{"line":64,"column":5}},"31":{"start":{"line":54,"column":5},"end":{"line":54,"column":27}},"32":{"start":{"line":55,"column":5},"end":{"line":55,"column":35}},"33":{"start":{"line":56,"column":5},"end":{"line":56,"column":46}},"34":{"start":{"line":57,"column":5},"end":{"line":57,"column":44}},"35":{"start":{"line":58,"column":5},"end":{"line":58,"column":63}},"36":{"start":{"line":59,"column":5},"end":{"line":62,"column":6}},"37":{"start":{"line":61,"column":6},"end":{"line":61,"column":46}},"38":{"start":{"line":63,"column":6},"end":{"line":63,"column":33}},"39":{"start":{"line":65,"column":4},"end":{"line":65,"column":28}},"40":{"start":{"line":70,"column":5},"end":{"line":70,"column":50}},"41":{"start":{"line":79,"column":0},"end":{"line":79,"column":48}},"42":{"start":{"line":83,"column":0},"end":{"line":91,"column":2}}},"branchMap":{"1":{"line":6,"type":"binary-expr","locations":[{"start":{"line":6,"column":12},"end":{"line":6,"column":16}},{"start":{"line":6,"column":20},"end":{"line":6,"column":36}}]},"2":{"line":34,"type":"if","locations":[{"start":{"line":34,"column":1},"end":{"line":34,"column":1}},{"start":{"line":34,"column":1},"end":{"line":34,"column":1}}]},"3":{"line":34,"type":"binary-expr","locations":[{"start":{"line":34,"column":4},"end":{"line":34,"column":26}},{"start":{"line":34,"column":30},"end":{"line":34,"column":61}}]},"4":{"line":37,"type":"if","locations":[{"start":{"line":37,"column":2},"end":{"line":37,"column":2}},{"start":{"line":37,"column":2},"end":{"line":37,"column":2}}]},"5":{"line":39,"type":"if","locations":[{"start":{"line":39,"column":4},"end":{"line":39,"column":4}},{"start":{"line":39,"column":4},"end":{"line":39,"column":4}}]},"6":{"line":39,"type":"binary-expr","locations":[{"start":{"line":39,"column":7},"end":{"line":39,"column":22}},{"start":{"line":39,"column":26},"end":{"line":39,"column":57}}]},"7":{"line":43,"type":"if","locations":[{"start":{"line":43,"column":6},"end":{"line":43,"column":6}},{"start":{"line":43,"column":6},"end":{"line":43,"column":6}}]},"8":{"line":59,"type":"if","locations":[{"start":{"line":59,"column":5},"end":{"line":59,"column":5}},{"start":{"line":59,"column":5},"end":{"line":59,"column":5}}]}}}}